2025-11-14 11:10:21.600 [http-nio-8080-exec-10] INFO  - Job started - ID: 438a2497-c74b-45be-bac3-9706282602f5, Type: CLAIM_SUBMISSION, Message: Processing claim for policy: INVALID123
2025-11-14 11:10:21.777 [http-nio-8080-exec-10] ERROR - Job failed - ID: 438a2497-c74b-45be-bac3-9706282602f5, Error: Claim submission failed: Policy not found
java.lang.RuntimeException: Policy not found
	at com.claims.service.ClaimService.lambda$submitClaim$0(ClaimService.java:54)
	at java.base/java.util.Optional.orElseThrow(Optional.java:403)
	at com.claims.service.ClaimService.submitClaim(ClaimService.java:54)
	at java.base/jdk.internal.reflect.DirectMethodHandleAccessor.invoke(DirectMethodHandleAccessor.java:104)
	at java.base/java.lang.reflect.Method.invoke(Method.java:565)
	at org.springframework.aop.support.AopUtils.invokeJoinpointUsingReflection(AopUtils.java:352)
	at org.springframework.aop.framework.ReflectiveMethodInvocation.invokeJoinpoint(ReflectiveMethodInvocation.java:196)
	at org.springframework.aop.framework.ReflectiveMethodInvocation.proceed(ReflectiveMethodInvocation.java:163)
	at org.springframework.aop.framework.CglibAopProxy$CglibMethodInvocation.proceed(CglibAopProxy.java:765)
	at org.springframework.transaction.interceptor.TransactionInterceptor$1.proceedWithInvocation(TransactionInterceptor.java:123)
	at org.springframework.transaction.interceptor.TransactionAspectSupport.invokeWithinTransaction(TransactionAspectSupport.java:385)
	at org.springframework.transaction.interceptor.TransactionInterceptor.invoke(TransactionInterceptor.java:119)
	at org.springframework.aop.framework.ReflectiveMethodInvocation.proceed(ReflectiveMethodInvocation.java:184)
	at org.springframework.aop.framework.CglibAopProxy$CglibMethodInvocation.proceed(CglibAopProxy.java:765)
	at org.springframework.aop.framework.CglibAopProxy$DynamicAdvisedInterceptor.intercept(CglibAopProxy.java:717)
	at com.claims.service.ClaimService$$SpringCGLIB$$0.submitClaim(<generated>)
	at com.claims.controller.ClaimController.generateTestFailures(ClaimController.java:49)
	at java.base/jdk.internal.reflect.DirectMethodHandleAccessor.invoke(DirectMethodHandleAccessor.java:104)
	at java.base/java.lang.reflect.Method.invoke(Method.java:565)
	at org.springframework.web.method.support.InvocableHandlerMethod.doInvoke(InvocableHandlerMethod.java:254)
	at org.springframework.web.method.support.InvocableHandlerMethod.invokeForRequest(InvocableHandlerMethod.java:182)
	at org.springframework.web.servlet.mvc.method.annotation.ServletInvocableHandlerMethod.invokeAndHandle(ServletInvocableHandlerMethod.java:118)
	at org.springframework.web.servlet.mvc.method.annotation.RequestMappingHandlerAdapter.invokeHandlerMethod(RequestMappingHandlerAdapter.java:917)
	at org.springframework.web.servlet.mvc.method.annotation.RequestMappingHandlerAdapter.handleInternal(RequestMappingHandlerAdapter.java:829)
	at org.springframework.web.servlet.mvc.method.AbstractHandlerMethodAdapter.handle(AbstractHandlerMethodAdapter.java:87)
	at org.springframework.web.servlet.DispatcherServlet.doDispatch(DispatcherServlet.java:1089)
	at org.springframework.web.servlet.DispatcherServlet.doService(DispatcherServlet.java:979)
	at org.springframework.web.servlet.FrameworkServlet.processRequest(FrameworkServlet.java:1014)
	at org.springframework.web.servlet.FrameworkServlet.doPost(FrameworkServlet.java:914)
	at jakarta.servlet.http.HttpServlet.service(HttpServlet.java:590)
	at org.springframework.web.servlet.FrameworkServlet.service(FrameworkServlet.java:885)
	at jakarta.servlet.http.HttpServlet.service(HttpServlet.java:658)
	at org.apache.catalina.core.ApplicationFilterChain.internalDoFilter(ApplicationFilterChain.java:205)
	at org.apache.catalina.core.ApplicationFilterChain.doFilter(ApplicationFilterChain.java:149)
	at org.apache.tomcat.websocket.server.WsFilter.doFilter(WsFilter.java:51)
	at org.apache.catalina.core.ApplicationFilterChain.internalDoFilter(ApplicationFilterChain.java:174)
	at org.apache.catalina.core.ApplicationFilterChain.doFilter(ApplicationFilterChain.java:149)
	at org.springframework.web.filter.RequestContextFilter.doFilterInternal(RequestContextFilter.java:100)
	at org.springframework.web.filter.OncePerRequestFilter.doFilter(OncePerRequestFilter.java:116)
	at org.apache.catalina.core.ApplicationFilterChain.internalDoFilter(ApplicationFilterChain.java:174)
	at org.apache.catalina.core.ApplicationFilterChain.doFilter(ApplicationFilterChain.java:149)
	at org.springframework.web.filter.FormContentFilter.doFilterInternal(FormContentFilter.java:93)
	at org.springframework.web.filter.OncePerRequestFilter.doFilter(OncePerRequestFilter.java:116)
	at org.apache.catalina.core.ApplicationFilterChain.internalDoFilter(ApplicationFilterChain.java:174)
	at org.apache.catalina.core.ApplicationFilterChain.doFilter(ApplicationFilterChain.java:149)
	at org.springframework.web.filter.CharacterEncodingFilter.doFilterInternal(CharacterEncodingFilter.java:201)
	at org.springframework.web.filter.OncePerRequestFilter.doFilter(OncePerRequestFilter.java:116)
	at org.apache.catalina.core.ApplicationFilterChain.internalDoFilter(ApplicationFilterChain.java:174)
	at org.apache.catalina.core.ApplicationFilterChain.doFilter(ApplicationFilterChain.java:149)
	at org.apache.catalina.core.StandardWrapperValve.invoke(StandardWrapperValve.java:167)
	at org.apache.catalina.core.StandardContextValve.invoke(StandardContextValve.java:90)
	at org.apache.catalina.authenticator.AuthenticatorBase.invoke(AuthenticatorBase.java:482)
	at org.apache.catalina.core.StandardHostValve.invoke(StandardHostValve.java:115)
	at org.apache.catalina.valves.ErrorReportValve.invoke(ErrorReportValve.java:93)
	at org.apache.catalina.core.StandardEngineValve.invoke(StandardEngineValve.java:74)
	at org.apache.catalina.connector.CoyoteAdapter.service(CoyoteAdapter.java:340)
	at org.apache.coyote.http11.Http11Processor.service(Http11Processor.java:391)
	at org.apache.coyote.AbstractProcessorLight.process(AbstractProcessorLight.java:63)
	at org.apache.coyote.AbstractProtocol$ConnectionHandler.process(AbstractProtocol.java:896)
	at org.apache.tomcat.util.net.NioEndpoint$SocketProcessor.doRun(NioEndpoint.java:1744)
	at org.apache.tomcat.util.net.SocketProcessorBase.run(SocketProcessorBase.java:52)
	at org.apache.tomcat.util.threads.ThreadPoolExecutor.runWorker(ThreadPoolExecutor.java:1191)
	at org.apache.tomcat.util.threads.ThreadPoolExecutor$Worker.run(ThreadPoolExecutor.java:659)
	at org.apache.tomcat.util.threads.TaskThread$WrappingRunnable.run(TaskThread.java:61)
	at java.base/java.lang.Thread.run(Thread.java:1447)
2025-11-14 11:10:21.808 [http-nio-8080-exec-10] INFO  - Job started - ID: 46167e87-c3e6-4293-887d-b097279f640c, Type: EMAIL_FAILURE_TEST, Message: Testing email failure scenario
2025-11-14 11:10:21.996 [http-nio-8080-exec-10] ERROR - Job failed - ID: 46167e87-c3e6-4293-887d-b097279f640c, Error: Email server connection failed
java.lang.RuntimeException: SMTP server connection timeout - Unable to connect to smtp.gmail.com:587
	at com.claims.email.EmailService.testEmailFailure(EmailService.java:60)
	at java.base/jdk.internal.reflect.DirectMethodHandleAccessor.invoke(DirectMethodHandleAccessor.java:104)
	at java.base/java.lang.reflect.Method.invoke(Method.java:565)
	at org.springframework.aop.support.AopUtils.invokeJoinpointUsingReflection(AopUtils.java:352)
	at org.springframework.aop.framework.CglibAopProxy$DynamicAdvisedInterceptor.intercept(CglibAopProxy.java:713)
	at com.claims.email.EmailService$$SpringCGLIB$$0.testEmailFailure(<generated>)
	at com.claims.controller.ClaimController.generateTestFailures(ClaimController.java:55)
	at java.base/jdk.internal.reflect.DirectMethodHandleAccessor.invoke(DirectMethodHandleAccessor.java:104)
	at java.base/java.lang.reflect.Method.invoke(Method.java:565)
	at org.springframework.web.method.support.InvocableHandlerMethod.doInvoke(InvocableHandlerMethod.java:254)
	at org.springframework.web.method.support.InvocableHandlerMethod.invokeForRequest(InvocableHandlerMethod.java:182)
	at org.springframework.web.servlet.mvc.method.annotation.ServletInvocableHandlerMethod.invokeAndHandle(ServletInvocableHandlerMethod.java:118)
	at org.springframework.web.servlet.mvc.method.annotation.RequestMappingHandlerAdapter.invokeHandlerMethod(RequestMappingHandlerAdapter.java:917)
	at org.springframework.web.servlet.mvc.method.annotation.RequestMappingHandlerAdapter.handleInternal(RequestMappingHandlerAdapter.java:829)
	at org.springframework.web.servlet.mvc.method.AbstractHandlerMethodAdapter.handle(AbstractHandlerMethodAdapter.java:87)
	at org.springframework.web.servlet.DispatcherServlet.doDispatch(DispatcherServlet.java:1089)
	at org.springframework.web.servlet.DispatcherServlet.doService(DispatcherServlet.java:979)
	at org.springframework.web.servlet.FrameworkServlet.processRequest(FrameworkServlet.java:1014)
	at org.springframework.web.servlet.FrameworkServlet.doPost(FrameworkServlet.java:914)
	at jakarta.servlet.http.HttpServlet.service(HttpServlet.java:590)
	at org.springframework.web.servlet.FrameworkServlet.service(FrameworkServlet.java:885)
	at jakarta.servlet.http.HttpServlet.service(HttpServlet.java:658)
	at org.apache.catalina.core.ApplicationFilterChain.internalDoFilter(ApplicationFilterChain.java:205)
	at org.apache.catalina.core.ApplicationFilterChain.doFilter(ApplicationFilterChain.java:149)
	at org.apache.tomcat.websocket.server.WsFilter.doFilter(WsFilter.java:51)
	at org.apache.catalina.core.ApplicationFilterChain.internalDoFilter(ApplicationFilterChain.java:174)
	at org.apache.catalina.core.ApplicationFilterChain.doFilter(ApplicationFilterChain.java:149)
	at org.springframework.web.filter.RequestContextFilter.doFilterInternal(RequestContextFilter.java:100)
	at org.springframework.web.filter.OncePerRequestFilter.doFilter(OncePerRequestFilter.java:116)
	at org.apache.catalina.core.ApplicationFilterChain.internalDoFilter(ApplicationFilterChain.java:174)
	at org.apache.catalina.core.ApplicationFilterChain.doFilter(ApplicationFilterChain.java:149)
	at org.springframework.web.filter.FormContentFilter.doFilterInternal(FormContentFilter.java:93)
	at org.springframework.web.filter.OncePerRequestFilter.doFilter(OncePerRequestFilter.java:116)
	at org.apache.catalina.core.ApplicationFilterChain.internalDoFilter(ApplicationFilterChain.java:174)
	at org.apache.catalina.core.ApplicationFilterChain.doFilter(ApplicationFilterChain.java:149)
	at org.springframework.web.filter.CharacterEncodingFilter.doFilterInternal(CharacterEncodingFilter.java:201)
	at org.springframework.web.filter.OncePerRequestFilter.doFilter(OncePerRequestFilter.java:116)
	at org.apache.catalina.core.ApplicationFilterChain.internalDoFilter(ApplicationFilterChain.java:174)
	at org.apache.catalina.core.ApplicationFilterChain.doFilter(ApplicationFilterChain.java:149)
	at org.apache.catalina.core.StandardWrapperValve.invoke(StandardWrapperValve.java:167)
	at org.apache.catalina.core.StandardContextValve.invoke(StandardContextValve.java:90)
	at org.apache.catalina.authenticator.AuthenticatorBase.invoke(AuthenticatorBase.java:482)
	at org.apache.catalina.core.StandardHostValve.invoke(StandardHostValve.java:115)
	at org.apache.catalina.valves.ErrorReportValve.invoke(ErrorReportValve.java:93)
	at org.apache.catalina.core.StandardEngineValve.invoke(StandardEngineValve.java:74)
	at org.apache.catalina.connector.CoyoteAdapter.service(CoyoteAdapter.java:340)
	at org.apache.coyote.http11.Http11Processor.service(Http11Processor.java:391)
	at org.apache.coyote.AbstractProcessorLight.process(AbstractProcessorLight.java:63)
	at org.apache.coyote.AbstractProtocol$ConnectionHandler.process(AbstractProtocol.java:896)
	at org.apache.tomcat.util.net.NioEndpoint$SocketProcessor.doRun(NioEndpoint.java:1744)
	at org.apache.tomcat.util.net.SocketProcessorBase.run(SocketProcessorBase.java:52)
	at org.apache.tomcat.util.threads.ThreadPoolExecutor.runWorker(ThreadPoolExecutor.java:1191)
	at org.apache.tomcat.util.threads.ThreadPoolExecutor$Worker.run(ThreadPoolExecutor.java:659)
	at org.apache.tomcat.util.threads.TaskThread$WrappingRunnable.run(TaskThread.java:61)
	at java.base/java.lang.Thread.run(Thread.java:1447)
2025-11-14 11:10:22.022 [http-nio-8080-exec-10] INFO  - Job started - ID: 65a3e77b-fecf-4192-906c-f2d699a422a9, Type: DATABASE_FAILURE_TEST, Message: Testing database connection failure
2025-11-14 11:10:22.085 [http-nio-8080-exec-10] ERROR - Job failed - ID: 65a3e77b-fecf-4192-906c-f2d699a422a9, Error: Database connection pool exhausted
java.lang.RuntimeException: Database connection pool exhausted - Max connections: 10, Active: 10
	at com.claims.email.EmailService.testDatabaseFailure(EmailService.java:73)
	at java.base/jdk.internal.reflect.DirectMethodHandleAccessor.invoke(DirectMethodHandleAccessor.java:104)
	at java.base/java.lang.reflect.Method.invoke(Method.java:565)
	at org.springframework.aop.support.AopUtils.invokeJoinpointUsingReflection(AopUtils.java:352)
	at org.springframework.aop.framework.CglibAopProxy$DynamicAdvisedInterceptor.intercept(CglibAopProxy.java:713)
	at com.claims.email.EmailService$$SpringCGLIB$$0.testDatabaseFailure(<generated>)
	at com.claims.controller.ClaimController.generateTestFailures(ClaimController.java:58)
	at java.base/jdk.internal.reflect.DirectMethodHandleAccessor.invoke(DirectMethodHandleAccessor.java:104)
	at java.base/java.lang.reflect.Method.invoke(Method.java:565)
	at org.springframework.web.method.support.InvocableHandlerMethod.doInvoke(InvocableHandlerMethod.java:254)
	at org.springframework.web.method.support.InvocableHandlerMethod.invokeForRequest(InvocableHandlerMethod.java:182)
	at org.springframework.web.servlet.mvc.method.annotation.ServletInvocableHandlerMethod.invokeAndHandle(ServletInvocableHandlerMethod.java:118)
	at org.springframework.web.servlet.mvc.method.annotation.RequestMappingHandlerAdapter.invokeHandlerMethod(RequestMappingHandlerAdapter.java:917)
	at org.springframework.web.servlet.mvc.method.annotation.RequestMappingHandlerAdapter.handleInternal(RequestMappingHandlerAdapter.java:829)
	at org.springframework.web.servlet.mvc.method.AbstractHandlerMethodAdapter.handle(AbstractHandlerMethodAdapter.java:87)
	at org.springframework.web.servlet.DispatcherServlet.doDispatch(DispatcherServlet.java:1089)
	at org.springframework.web.servlet.DispatcherServlet.doService(DispatcherServlet.java:979)
	at org.springframework.web.servlet.FrameworkServlet.processRequest(FrameworkServlet.java:1014)
	at org.springframework.web.servlet.FrameworkServlet.doPost(FrameworkServlet.java:914)
	at jakarta.servlet.http.HttpServlet.service(HttpServlet.java:590)
	at org.springframework.web.servlet.FrameworkServlet.service(FrameworkServlet.java:885)
	at jakarta.servlet.http.HttpServlet.service(HttpServlet.java:658)
	at org.apache.catalina.core.ApplicationFilterChain.internalDoFilter(ApplicationFilterChain.java:205)
	at org.apache.catalina.core.ApplicationFilterChain.doFilter(ApplicationFilterChain.java:149)
	at org.apache.tomcat.websocket.server.WsFilter.doFilter(WsFilter.java:51)
	at org.apache.catalina.core.ApplicationFilterChain.internalDoFilter(ApplicationFilterChain.java:174)
	at org.apache.catalina.core.ApplicationFilterChain.doFilter(ApplicationFilterChain.java:149)
	at org.springframework.web.filter.RequestContextFilter.doFilterInternal(RequestContextFilter.java:100)
	at org.springframework.web.filter.OncePerRequestFilter.doFilter(OncePerRequestFilter.java:116)
	at org.apache.catalina.core.ApplicationFilterChain.internalDoFilter(ApplicationFilterChain.java:174)
	at org.apache.catalina.core.ApplicationFilterChain.doFilter(ApplicationFilterChain.java:149)
	at org.springframework.web.filter.FormContentFilter.doFilterInternal(FormContentFilter.java:93)
	at org.springframework.web.filter.OncePerRequestFilter.doFilter(OncePerRequestFilter.java:116)
	at org.apache.catalina.core.ApplicationFilterChain.internalDoFilter(ApplicationFilterChain.java:174)
	at org.apache.catalina.core.ApplicationFilterChain.doFilter(ApplicationFilterChain.java:149)
	at org.springframework.web.filter.CharacterEncodingFilter.doFilterInternal(CharacterEncodingFilter.java:201)
	at org.springframework.web.filter.OncePerRequestFilter.doFilter(OncePerRequestFilter.java:116)
	at org.apache.catalina.core.ApplicationFilterChain.internalDoFilter(ApplicationFilterChain.java:174)
	at org.apache.catalina.core.ApplicationFilterChain.doFilter(ApplicationFilterChain.java:149)
	at org.apache.catalina.core.StandardWrapperValve.invoke(StandardWrapperValve.java:167)
	at org.apache.catalina.core.StandardContextValve.invoke(StandardContextValve.java:90)
	at org.apache.catalina.authenticator.AuthenticatorBase.invoke(AuthenticatorBase.java:482)
	at org.apache.catalina.core.StandardHostValve.invoke(StandardHostValve.java:115)
	at org.apache.catalina.valves.ErrorReportValve.invoke(ErrorReportValve.java:93)
	at org.apache.catalina.core.StandardEngineValve.invoke(StandardEngineValve.java:74)
	at org.apache.catalina.connector.CoyoteAdapter.service(CoyoteAdapter.java:340)
	at org.apache.coyote.http11.Http11Processor.service(Http11Processor.java:391)
	at org.apache.coyote.AbstractProcessorLight.process(AbstractProcessorLight.java:63)
	at org.apache.coyote.AbstractProtocol$ConnectionHandler.process(AbstractProtocol.java:896)
	at org.apache.tomcat.util.net.NioEndpoint$SocketProcessor.doRun(NioEndpoint.java:1744)
	at org.apache.tomcat.util.net.SocketProcessorBase.run(SocketProcessorBase.java:52)
	at org.apache.tomcat.util.threads.ThreadPoolExecutor.runWorker(ThreadPoolExecutor.java:1191)
	at org.apache.tomcat.util.threads.ThreadPoolExecutor$Worker.run(ThreadPoolExecutor.java:659)
	at org.apache.tomcat.util.threads.TaskThread$WrappingRunnable.run(TaskThread.java:61)
	at java.base/java.lang.Thread.run(Thread.java:1447)
2025-11-14 11:40:29.455 [main] INFO  - Job started - ID: 1350647d-ed2c-4218-8e87-c669c6789f4b, Type: CLAIM_PROCESSING, Message: Processing claim data
2025-11-14 11:40:29.525 [main] ERROR - Job failed - ID: 1350647d-ed2c-4218-8e87-c669c6789f4b, Type: CLAIM_PROCESSING, Error: Database connection timeout
java.lang.RuntimeException: Connection timeout after 30 seconds
	at com.claims.monitoring.JobDataInitializer.createSampleJobs(JobDataInitializer.java:23)
	at com.claims.monitoring.JobDataInitializer.run(JobDataInitializer.java:17)
	at org.springframework.boot.SpringApplication.callRunner(SpringApplication.java:786)
	at org.springframework.boot.SpringApplication.lambda$callRunners$3(SpringApplication.java:770)
	at java.base/java.util.stream.ForEachOps$ForEachOp$OfRef.accept(ForEachOps.java:186)
	at java.base/java.util.stream.SortedOps$SizedRefSortingSink.end(SortedOps.java:357)
	at java.base/java.util.stream.AbstractPipeline.copyInto(AbstractPipeline.java:571)
	at java.base/java.util.stream.AbstractPipeline.wrapAndCopyInto(AbstractPipeline.java:560)
	at java.base/java.util.stream.ForEachOps$ForEachOp.evaluateSequential(ForEachOps.java:153)
	at java.base/java.util.stream.ForEachOps$ForEachOp$OfRef.evaluateSequential(ForEachOps.java:176)
	at java.base/java.util.stream.AbstractPipeline.evaluate(AbstractPipeline.java:265)
	at java.base/java.util.stream.ReferencePipeline.forEach(ReferencePipeline.java:636)
	at org.springframework.boot.SpringApplication.callRunners(SpringApplication.java:765)
	at org.springframework.boot.SpringApplication.run(SpringApplication.java:330)
	at org.springframework.boot.SpringApplication.run(SpringApplication.java:1342)
	at org.springframework.boot.SpringApplication.run(SpringApplication.java:1331)
	at com.claims.ClaimsFraudDetectionApplication.main(ClaimsFraudDetectionApplication.java:11)
2025-11-14 11:40:29.528 [main] INFO  - Job started - ID: 00feccd6-d2d9-44a2-9ff7-7917bbba48b4, Type: FRAUD_DETECTION, Message: Running fraud detection
2025-11-14 11:40:29.535 [main] ERROR - Job failed - ID: 00feccd6-d2d9-44a2-9ff7-7917bbba48b4, Type: FRAUD_DETECTION, Error: Rule engine compilation error
java.lang.IllegalArgumentException: Invalid regex pattern in rule FR-2024-001
	at com.claims.monitoring.JobDataInitializer.createSampleJobs(JobDataInitializer.java:27)
	at com.claims.monitoring.JobDataInitializer.run(JobDataInitializer.java:17)
	at org.springframework.boot.SpringApplication.callRunner(SpringApplication.java:786)
	at org.springframework.boot.SpringApplication.lambda$callRunners$3(SpringApplication.java:770)
	at java.base/java.util.stream.ForEachOps$ForEachOp$OfRef.accept(ForEachOps.java:186)
	at java.base/java.util.stream.SortedOps$SizedRefSortingSink.end(SortedOps.java:357)
	at java.base/java.util.stream.AbstractPipeline.copyInto(AbstractPipeline.java:571)
	at java.base/java.util.stream.AbstractPipeline.wrapAndCopyInto(AbstractPipeline.java:560)
	at java.base/java.util.stream.ForEachOps$ForEachOp.evaluateSequential(ForEachOps.java:153)
	at java.base/java.util.stream.ForEachOps$ForEachOp$OfRef.evaluateSequential(ForEachOps.java:176)
	at java.base/java.util.stream.AbstractPipeline.evaluate(AbstractPipeline.java:265)
	at java.base/java.util.stream.ReferencePipeline.forEach(ReferencePipeline.java:636)
	at org.springframework.boot.SpringApplication.callRunners(SpringApplication.java:765)
	at org.springframework.boot.SpringApplication.run(SpringApplication.java:330)
	at org.springframework.boot.SpringApplication.run(SpringApplication.java:1342)
	at org.springframework.boot.SpringApplication.run(SpringApplication.java:1331)
	at com.claims.ClaimsFraudDetectionApplication.main(ClaimsFraudDetectionApplication.java:11)
2025-11-14 11:40:29.539 [main] INFO  - Job started - ID: 52c14580-153d-4400-a7a4-02078a6aa68c, Type: PAYMENT_PROCESSING, Message: Processing payment
2025-11-14 11:40:29.545 [main] ERROR - Job failed - ID: 52c14580-153d-4400-a7a4-02078a6aa68c, Type: PAYMENT_PROCESSING, Error: Payment gateway unavailable
java.lang.RuntimeException: HTTP 503 Service Unavailable
	at com.claims.monitoring.JobDataInitializer.createSampleJobs(JobDataInitializer.java:31)
	at com.claims.monitoring.JobDataInitializer.run(JobDataInitializer.java:17)
	at org.springframework.boot.SpringApplication.callRunner(SpringApplication.java:786)
	at org.springframework.boot.SpringApplication.lambda$callRunners$3(SpringApplication.java:770)
	at java.base/java.util.stream.ForEachOps$ForEachOp$OfRef.accept(ForEachOps.java:186)
	at java.base/java.util.stream.SortedOps$SizedRefSortingSink.end(SortedOps.java:357)
	at java.base/java.util.stream.AbstractPipeline.copyInto(AbstractPipeline.java:571)
	at java.base/java.util.stream.AbstractPipeline.wrapAndCopyInto(AbstractPipeline.java:560)
	at java.base/java.util.stream.ForEachOps$ForEachOp.evaluateSequential(ForEachOps.java:153)
	at java.base/java.util.stream.ForEachOps$ForEachOp$OfRef.evaluateSequential(ForEachOps.java:176)
	at java.base/java.util.stream.AbstractPipeline.evaluate(AbstractPipeline.java:265)
	at java.base/java.util.stream.ReferencePipeline.forEach(ReferencePipeline.java:636)
	at org.springframework.boot.SpringApplication.callRunners(SpringApplication.java:765)
	at org.springframework.boot.SpringApplication.run(SpringApplication.java:330)
	at org.springframework.boot.SpringApplication.run(SpringApplication.java:1342)
	at org.springframework.boot.SpringApplication.run(SpringApplication.java:1331)
	at com.claims.ClaimsFraudDetectionApplication.main(ClaimsFraudDetectionApplication.java:11)
2025-11-14 11:40:29.547 [main] INFO  - Job started - ID: bd9b9570-e711-426b-a83a-58ac9d8281ed, Type: DOCUMENT_VALIDATION, Message: Validating documents
2025-11-14 11:40:29.554 [main] INFO  - Job completed - ID: bd9b9570-e711-426b-a83a-58ac9d8281ed, Type: DOCUMENT_VALIDATION, Message: Documents validated successfully
2025-11-14 11:40:29.556 [main] INFO  - Job started - ID: 6646142a-5d83-4669-9f67-ee51a59ae969, Type: EMAIL_NOTIFICATION, Message: Sending notifications
2025-11-14 11:40:29.560 [main] INFO  - Job completed - ID: 6646142a-5d83-4669-9f67-ee51a59ae969, Type: EMAIL_NOTIFICATION, Message: Notifications sent successfully
2025-11-14 11:49:31.117 [main] INFO  - Job started - ID: 7ceaf84c-29f1-42e9-aef8-7357f5121103, Type: CLAIM_PROCESSING, Message: Processing claim data
2025-11-14 11:49:31.192 [main] ERROR - Job failed - ID: 7ceaf84c-29f1-42e9-aef8-7357f5121103, Type: CLAIM_PROCESSING, Error: Database connection timeout
java.lang.RuntimeException: Connection timeout after 30 seconds
	at com.claims.monitoring.JobDataInitializer.createSampleJobs(JobDataInitializer.java:23)
	at com.claims.monitoring.JobDataInitializer.run(JobDataInitializer.java:17)
	at org.springframework.boot.SpringApplication.callRunner(SpringApplication.java:786)
	at org.springframework.boot.SpringApplication.lambda$callRunners$3(SpringApplication.java:770)
	at java.base/java.util.stream.ForEachOps$ForEachOp$OfRef.accept(ForEachOps.java:186)
	at java.base/java.util.stream.SortedOps$SizedRefSortingSink.end(SortedOps.java:357)
	at java.base/java.util.stream.AbstractPipeline.copyInto(AbstractPipeline.java:571)
	at java.base/java.util.stream.AbstractPipeline.wrapAndCopyInto(AbstractPipeline.java:560)
	at java.base/java.util.stream.ForEachOps$ForEachOp.evaluateSequential(ForEachOps.java:153)
	at java.base/java.util.stream.ForEachOps$ForEachOp$OfRef.evaluateSequential(ForEachOps.java:176)
	at java.base/java.util.stream.AbstractPipeline.evaluate(AbstractPipeline.java:265)
	at java.base/java.util.stream.ReferencePipeline.forEach(ReferencePipeline.java:636)
	at org.springframework.boot.SpringApplication.callRunners(SpringApplication.java:765)
	at org.springframework.boot.SpringApplication.run(SpringApplication.java:330)
	at org.springframework.boot.SpringApplication.run(SpringApplication.java:1342)
	at org.springframework.boot.SpringApplication.run(SpringApplication.java:1331)
	at com.claims.ClaimsFraudDetectionApplication.main(ClaimsFraudDetectionApplication.java:11)
2025-11-14 11:49:31.195 [main] INFO  - Job started - ID: 16ee6f69-4673-448d-bbff-63abb682e3b3, Type: FRAUD_DETECTION, Message: Running fraud detection
2025-11-14 11:49:31.199 [main] ERROR - Job failed - ID: 16ee6f69-4673-448d-bbff-63abb682e3b3, Type: FRAUD_DETECTION, Error: Rule engine compilation error
java.lang.IllegalArgumentException: Invalid regex pattern in rule FR-2024-001
	at com.claims.monitoring.JobDataInitializer.createSampleJobs(JobDataInitializer.java:27)
	at com.claims.monitoring.JobDataInitializer.run(JobDataInitializer.java:17)
	at org.springframework.boot.SpringApplication.callRunner(SpringApplication.java:786)
	at org.springframework.boot.SpringApplication.lambda$callRunners$3(SpringApplication.java:770)
	at java.base/java.util.stream.ForEachOps$ForEachOp$OfRef.accept(ForEachOps.java:186)
	at java.base/java.util.stream.SortedOps$SizedRefSortingSink.end(SortedOps.java:357)
	at java.base/java.util.stream.AbstractPipeline.copyInto(AbstractPipeline.java:571)
	at java.base/java.util.stream.AbstractPipeline.wrapAndCopyInto(AbstractPipeline.java:560)
	at java.base/java.util.stream.ForEachOps$ForEachOp.evaluateSequential(ForEachOps.java:153)
	at java.base/java.util.stream.ForEachOps$ForEachOp$OfRef.evaluateSequential(ForEachOps.java:176)
	at java.base/java.util.stream.AbstractPipeline.evaluate(AbstractPipeline.java:265)
	at java.base/java.util.stream.ReferencePipeline.forEach(ReferencePipeline.java:636)
	at org.springframework.boot.SpringApplication.callRunners(SpringApplication.java:765)
	at org.springframework.boot.SpringApplication.run(SpringApplication.java:330)
	at org.springframework.boot.SpringApplication.run(SpringApplication.java:1342)
	at org.springframework.boot.SpringApplication.run(SpringApplication.java:1331)
	at com.claims.ClaimsFraudDetectionApplication.main(ClaimsFraudDetectionApplication.java:11)
2025-11-14 11:49:31.205 [main] INFO  - Job started - ID: 1e3dbecd-4f2a-4f0a-9d2c-0fed3c3893a9, Type: PAYMENT_PROCESSING, Message: Processing payment
2025-11-14 11:49:31.210 [main] ERROR - Job failed - ID: 1e3dbecd-4f2a-4f0a-9d2c-0fed3c3893a9, Type: PAYMENT_PROCESSING, Error: Payment gateway unavailable
java.lang.RuntimeException: HTTP 503 Service Unavailable
	at com.claims.monitoring.JobDataInitializer.createSampleJobs(JobDataInitializer.java:31)
	at com.claims.monitoring.JobDataInitializer.run(JobDataInitializer.java:17)
	at org.springframework.boot.SpringApplication.callRunner(SpringApplication.java:786)
	at org.springframework.boot.SpringApplication.lambda$callRunners$3(SpringApplication.java:770)
	at java.base/java.util.stream.ForEachOps$ForEachOp$OfRef.accept(ForEachOps.java:186)
	at java.base/java.util.stream.SortedOps$SizedRefSortingSink.end(SortedOps.java:357)
	at java.base/java.util.stream.AbstractPipeline.copyInto(AbstractPipeline.java:571)
	at java.base/java.util.stream.AbstractPipeline.wrapAndCopyInto(AbstractPipeline.java:560)
	at java.base/java.util.stream.ForEachOps$ForEachOp.evaluateSequential(ForEachOps.java:153)
	at java.base/java.util.stream.ForEachOps$ForEachOp$OfRef.evaluateSequential(ForEachOps.java:176)
	at java.base/java.util.stream.AbstractPipeline.evaluate(AbstractPipeline.java:265)
	at java.base/java.util.stream.ReferencePipeline.forEach(ReferencePipeline.java:636)
	at org.springframework.boot.SpringApplication.callRunners(SpringApplication.java:765)
	at org.springframework.boot.SpringApplication.run(SpringApplication.java:330)
	at org.springframework.boot.SpringApplication.run(SpringApplication.java:1342)
	at org.springframework.boot.SpringApplication.run(SpringApplication.java:1331)
	at com.claims.ClaimsFraudDetectionApplication.main(ClaimsFraudDetectionApplication.java:11)
2025-11-14 11:49:31.212 [main] INFO  - Job started - ID: 33d9cb45-c3e5-4acd-acf4-bfa4608cafbe, Type: DOCUMENT_VALIDATION, Message: Validating documents
2025-11-14 11:49:31.216 [main] INFO  - Job completed - ID: 33d9cb45-c3e5-4acd-acf4-bfa4608cafbe, Type: DOCUMENT_VALIDATION, Message: Documents validated successfully
2025-11-14 11:49:31.221 [main] INFO  - Job started - ID: 2909f8b4-e7c1-4e1c-84a1-27e43ddaf8c3, Type: EMAIL_NOTIFICATION, Message: Sending notifications
2025-11-14 11:49:31.226 [main] INFO  - Job completed - ID: 2909f8b4-e7c1-4e1c-84a1-27e43ddaf8c3, Type: EMAIL_NOTIFICATION, Message: Notifications sent successfully
2025-11-14 11:55:42.036 [main] INFO  - Job started - ID: 445b11eb-d5f4-439e-8041-b0c2b2a4fc9e, Type: CLAIM_PROCESSING, Message: Processing claim data
2025-11-14 11:55:42.139 [main] ERROR - Job failed - ID: 445b11eb-d5f4-439e-8041-b0c2b2a4fc9e, Type: CLAIM_PROCESSING, Error: Database connection timeout
java.lang.RuntimeException: Connection timeout after 30 seconds
	at com.claims.monitoring.JobDataInitializer.createSampleJobs(JobDataInitializer.java:23)
	at com.claims.monitoring.JobDataInitializer.run(JobDataInitializer.java:17)
	at org.springframework.boot.SpringApplication.callRunner(SpringApplication.java:786)
	at org.springframework.boot.SpringApplication.lambda$callRunners$3(SpringApplication.java:770)
	at java.base/java.util.stream.ForEachOps$ForEachOp$OfRef.accept(ForEachOps.java:186)
	at java.base/java.util.stream.SortedOps$SizedRefSortingSink.end(SortedOps.java:357)
	at java.base/java.util.stream.AbstractPipeline.copyInto(AbstractPipeline.java:571)
	at java.base/java.util.stream.AbstractPipeline.wrapAndCopyInto(AbstractPipeline.java:560)
	at java.base/java.util.stream.ForEachOps$ForEachOp.evaluateSequential(ForEachOps.java:153)
	at java.base/java.util.stream.ForEachOps$ForEachOp$OfRef.evaluateSequential(ForEachOps.java:176)
	at java.base/java.util.stream.AbstractPipeline.evaluate(AbstractPipeline.java:265)
	at java.base/java.util.stream.ReferencePipeline.forEach(ReferencePipeline.java:636)
	at org.springframework.boot.SpringApplication.callRunners(SpringApplication.java:765)
	at org.springframework.boot.SpringApplication.run(SpringApplication.java:330)
	at org.springframework.boot.SpringApplication.run(SpringApplication.java:1342)
	at org.springframework.boot.SpringApplication.run(SpringApplication.java:1331)
	at com.claims.ClaimsFraudDetectionApplication.main(ClaimsFraudDetectionApplication.java:11)
2025-11-14 11:55:42.145 [main] INFO  - Job started - ID: f99f7ebb-bbe7-4357-b3b0-eb54f067a788, Type: FRAUD_DETECTION, Message: Running fraud detection
2025-11-14 11:55:42.152 [main] ERROR - Job failed - ID: f99f7ebb-bbe7-4357-b3b0-eb54f067a788, Type: FRAUD_DETECTION, Error: Rule engine compilation error
java.lang.IllegalArgumentException: Invalid regex pattern in rule FR-2024-001
	at com.claims.monitoring.JobDataInitializer.createSampleJobs(JobDataInitializer.java:27)
	at com.claims.monitoring.JobDataInitializer.run(JobDataInitializer.java:17)
	at org.springframework.boot.SpringApplication.callRunner(SpringApplication.java:786)
	at org.springframework.boot.SpringApplication.lambda$callRunners$3(SpringApplication.java:770)
	at java.base/java.util.stream.ForEachOps$ForEachOp$OfRef.accept(ForEachOps.java:186)
	at java.base/java.util.stream.SortedOps$SizedRefSortingSink.end(SortedOps.java:357)
	at java.base/java.util.stream.AbstractPipeline.copyInto(AbstractPipeline.java:571)
	at java.base/java.util.stream.AbstractPipeline.wrapAndCopyInto(AbstractPipeline.java:560)
	at java.base/java.util.stream.ForEachOps$ForEachOp.evaluateSequential(ForEachOps.java:153)
	at java.base/java.util.stream.ForEachOps$ForEachOp$OfRef.evaluateSequential(ForEachOps.java:176)
	at java.base/java.util.stream.AbstractPipeline.evaluate(AbstractPipeline.java:265)
	at java.base/java.util.stream.ReferencePipeline.forEach(ReferencePipeline.java:636)
	at org.springframework.boot.SpringApplication.callRunners(SpringApplication.java:765)
	at org.springframework.boot.SpringApplication.run(SpringApplication.java:330)
	at org.springframework.boot.SpringApplication.run(SpringApplication.java:1342)
	at org.springframework.boot.SpringApplication.run(SpringApplication.java:1331)
	at com.claims.ClaimsFraudDetectionApplication.main(ClaimsFraudDetectionApplication.java:11)
2025-11-14 11:55:42.158 [main] INFO  - Job started - ID: a6fc17fc-dd9d-4fe3-823c-37bd0bcb1c43, Type: PAYMENT_PROCESSING, Message: Processing payment
2025-11-14 11:55:42.162 [main] ERROR - Job failed - ID: a6fc17fc-dd9d-4fe3-823c-37bd0bcb1c43, Type: PAYMENT_PROCESSING, Error: Payment gateway unavailable
java.lang.RuntimeException: HTTP 503 Service Unavailable
	at com.claims.monitoring.JobDataInitializer.createSampleJobs(JobDataInitializer.java:31)
	at com.claims.monitoring.JobDataInitializer.run(JobDataInitializer.java:17)
	at org.springframework.boot.SpringApplication.callRunner(SpringApplication.java:786)
	at org.springframework.boot.SpringApplication.lambda$callRunners$3(SpringApplication.java:770)
	at java.base/java.util.stream.ForEachOps$ForEachOp$OfRef.accept(ForEachOps.java:186)
	at java.base/java.util.stream.SortedOps$SizedRefSortingSink.end(SortedOps.java:357)
	at java.base/java.util.stream.AbstractPipeline.copyInto(AbstractPipeline.java:571)
	at java.base/java.util.stream.AbstractPipeline.wrapAndCopyInto(AbstractPipeline.java:560)
	at java.base/java.util.stream.ForEachOps$ForEachOp.evaluateSequential(ForEachOps.java:153)
	at java.base/java.util.stream.ForEachOps$ForEachOp$OfRef.evaluateSequential(ForEachOps.java:176)
	at java.base/java.util.stream.AbstractPipeline.evaluate(AbstractPipeline.java:265)
	at java.base/java.util.stream.ReferencePipeline.forEach(ReferencePipeline.java:636)
	at org.springframework.boot.SpringApplication.callRunners(SpringApplication.java:765)
	at org.springframework.boot.SpringApplication.run(SpringApplication.java:330)
	at org.springframework.boot.SpringApplication.run(SpringApplication.java:1342)
	at org.springframework.boot.SpringApplication.run(SpringApplication.java:1331)
	at com.claims.ClaimsFraudDetectionApplication.main(ClaimsFraudDetectionApplication.java:11)
2025-11-14 11:55:42.169 [main] INFO  - Job started - ID: a2fa46c7-af72-4678-9e9c-3900e99cb755, Type: DOCUMENT_VALIDATION, Message: Validating documents
2025-11-14 11:55:42.174 [main] INFO  - Job completed - ID: a2fa46c7-af72-4678-9e9c-3900e99cb755, Type: DOCUMENT_VALIDATION, Message: Documents validated successfully
2025-11-14 11:55:42.178 [main] INFO  - Job started - ID: 01cba62a-970b-4815-ab96-0720e7b840d8, Type: EMAIL_NOTIFICATION, Message: Sending notifications
2025-11-14 11:55:42.188 [main] INFO  - Job completed - ID: 01cba62a-970b-4815-ab96-0720e7b840d8, Type: EMAIL_NOTIFICATION, Message: Notifications sent successfully
2025-11-14 12:03:33.834 [http-nio-8080-exec-3] INFO  - Job marked for rerun - ID: a2fa46c7-af72-4678-9e9c-3900e99cb755
2025-11-14 12:03:35.850 [http-nio-8080-exec-8] INFO  - Job marked for rerun - ID: a2fa46c7-af72-4678-9e9c-3900e99cb755
2025-11-14 12:13:42.127 [main] INFO  - Job started - ID: 0781ce8e-32f4-4393-b6b4-2f775e4f9787, Type: CLAIM_PROCESSING, Message: Processing claim data
2025-11-14 12:13:42.238 [main] ERROR - Job failed - ID: 0781ce8e-32f4-4393-b6b4-2f775e4f9787, Type: CLAIM_PROCESSING, Error: Database connection timeout
java.lang.RuntimeException: Connection timeout after 30 seconds
	at com.claims.monitoring.JobDataInitializer.createSampleJobs(JobDataInitializer.java:23)
	at com.claims.monitoring.JobDataInitializer.run(JobDataInitializer.java:17)
	at org.springframework.boot.SpringApplication.callRunner(SpringApplication.java:786)
	at org.springframework.boot.SpringApplication.lambda$callRunners$3(SpringApplication.java:770)
	at java.base/java.util.stream.ForEachOps$ForEachOp$OfRef.accept(ForEachOps.java:186)
	at java.base/java.util.stream.SortedOps$SizedRefSortingSink.end(SortedOps.java:357)
	at java.base/java.util.stream.AbstractPipeline.copyInto(AbstractPipeline.java:571)
	at java.base/java.util.stream.AbstractPipeline.wrapAndCopyInto(AbstractPipeline.java:560)
	at java.base/java.util.stream.ForEachOps$ForEachOp.evaluateSequential(ForEachOps.java:153)
	at java.base/java.util.stream.ForEachOps$ForEachOp$OfRef.evaluateSequential(ForEachOps.java:176)
	at java.base/java.util.stream.AbstractPipeline.evaluate(AbstractPipeline.java:265)
	at java.base/java.util.stream.ReferencePipeline.forEach(ReferencePipeline.java:636)
	at org.springframework.boot.SpringApplication.callRunners(SpringApplication.java:765)
	at org.springframework.boot.SpringApplication.run(SpringApplication.java:330)
	at org.springframework.boot.SpringApplication.run(SpringApplication.java:1342)
	at org.springframework.boot.SpringApplication.run(SpringApplication.java:1331)
	at com.claims.ClaimsFraudDetectionApplication.main(ClaimsFraudDetectionApplication.java:11)
2025-11-14 12:13:42.249 [main] INFO  - Job started - ID: d43ae3f1-3887-4de9-89ee-b70c74338ac6, Type: FRAUD_DETECTION, Message: Running fraud detection
2025-11-14 12:13:42.258 [main] ERROR - Job failed - ID: d43ae3f1-3887-4de9-89ee-b70c74338ac6, Type: FRAUD_DETECTION, Error: Rule engine compilation error
java.lang.IllegalArgumentException: Invalid regex pattern in rule FR-2024-001
	at com.claims.monitoring.JobDataInitializer.createSampleJobs(JobDataInitializer.java:27)
	at com.claims.monitoring.JobDataInitializer.run(JobDataInitializer.java:17)
	at org.springframework.boot.SpringApplication.callRunner(SpringApplication.java:786)
	at org.springframework.boot.SpringApplication.lambda$callRunners$3(SpringApplication.java:770)
	at java.base/java.util.stream.ForEachOps$ForEachOp$OfRef.accept(ForEachOps.java:186)
	at java.base/java.util.stream.SortedOps$SizedRefSortingSink.end(SortedOps.java:357)
	at java.base/java.util.stream.AbstractPipeline.copyInto(AbstractPipeline.java:571)
	at java.base/java.util.stream.AbstractPipeline.wrapAndCopyInto(AbstractPipeline.java:560)
	at java.base/java.util.stream.ForEachOps$ForEachOp.evaluateSequential(ForEachOps.java:153)
	at java.base/java.util.stream.ForEachOps$ForEachOp$OfRef.evaluateSequential(ForEachOps.java:176)
	at java.base/java.util.stream.AbstractPipeline.evaluate(AbstractPipeline.java:265)
	at java.base/java.util.stream.ReferencePipeline.forEach(ReferencePipeline.java:636)
	at org.springframework.boot.SpringApplication.callRunners(SpringApplication.java:765)
	at org.springframework.boot.SpringApplication.run(SpringApplication.java:330)
	at org.springframework.boot.SpringApplication.run(SpringApplication.java:1342)
	at org.springframework.boot.SpringApplication.run(SpringApplication.java:1331)
	at com.claims.ClaimsFraudDetectionApplication.main(ClaimsFraudDetectionApplication.java:11)
2025-11-14 12:13:42.263 [main] INFO  - Job started - ID: d2a5967b-e745-47fb-9994-bd879224fac2, Type: PAYMENT_PROCESSING, Message: Processing payment
2025-11-14 12:13:42.268 [main] ERROR - Job failed - ID: d2a5967b-e745-47fb-9994-bd879224fac2, Type: PAYMENT_PROCESSING, Error: Payment gateway unavailable
java.lang.RuntimeException: HTTP 503 Service Unavailable
	at com.claims.monitoring.JobDataInitializer.createSampleJobs(JobDataInitializer.java:31)
	at com.claims.monitoring.JobDataInitializer.run(JobDataInitializer.java:17)
	at org.springframework.boot.SpringApplication.callRunner(SpringApplication.java:786)
	at org.springframework.boot.SpringApplication.lambda$callRunners$3(SpringApplication.java:770)
	at java.base/java.util.stream.ForEachOps$ForEachOp$OfRef.accept(ForEachOps.java:186)
	at java.base/java.util.stream.SortedOps$SizedRefSortingSink.end(SortedOps.java:357)
	at java.base/java.util.stream.AbstractPipeline.copyInto(AbstractPipeline.java:571)
	at java.base/java.util.stream.AbstractPipeline.wrapAndCopyInto(AbstractPipeline.java:560)
	at java.base/java.util.stream.ForEachOps$ForEachOp.evaluateSequential(ForEachOps.java:153)
	at java.base/java.util.stream.ForEachOps$ForEachOp$OfRef.evaluateSequential(ForEachOps.java:176)
	at java.base/java.util.stream.AbstractPipeline.evaluate(AbstractPipeline.java:265)
	at java.base/java.util.stream.ReferencePipeline.forEach(ReferencePipeline.java:636)
	at org.springframework.boot.SpringApplication.callRunners(SpringApplication.java:765)
	at org.springframework.boot.SpringApplication.run(SpringApplication.java:330)
	at org.springframework.boot.SpringApplication.run(SpringApplication.java:1342)
	at org.springframework.boot.SpringApplication.run(SpringApplication.java:1331)
	at com.claims.ClaimsFraudDetectionApplication.main(ClaimsFraudDetectionApplication.java:11)
2025-11-14 12:13:42.276 [main] INFO  - Job started - ID: a6a2f2d5-44c8-41d7-8412-ff9b0e097d7f, Type: DOCUMENT_VALIDATION, Message: Validating documents
2025-11-14 12:13:42.283 [main] INFO  - Job completed - ID: a6a2f2d5-44c8-41d7-8412-ff9b0e097d7f, Type: DOCUMENT_VALIDATION, Message: Documents validated successfully
2025-11-14 12:13:42.285 [main] INFO  - Job started - ID: 65aa8085-56ca-4c0b-b5e6-9014de80d2f7, Type: EMAIL_NOTIFICATION, Message: Sending notifications
2025-11-14 12:13:42.293 [main] INFO  - Job completed - ID: 65aa8085-56ca-4c0b-b5e6-9014de80d2f7, Type: EMAIL_NOTIFICATION, Message: Notifications sent successfully
2025-11-14 12:15:32.960 [main] INFO  - Job started - ID: e37d2a17-eecc-4253-ae99-14a9fc769925, Type: CLAIM_PROCESSING, Message: Processing claim data
2025-11-14 12:15:33.041 [main] ERROR - Job failed - ID: e37d2a17-eecc-4253-ae99-14a9fc769925, Type: CLAIM_PROCESSING, Error: Database connection timeout
java.lang.RuntimeException: Connection timeout after 30 seconds
	at com.claims.monitoring.JobDataInitializer.createSampleJobs(JobDataInitializer.java:23)
	at com.claims.monitoring.JobDataInitializer.run(JobDataInitializer.java:17)
	at org.springframework.boot.SpringApplication.callRunner(SpringApplication.java:786)
	at org.springframework.boot.SpringApplication.lambda$callRunners$3(SpringApplication.java:770)
	at java.base/java.util.stream.ForEachOps$ForEachOp$OfRef.accept(ForEachOps.java:186)
	at java.base/java.util.stream.SortedOps$SizedRefSortingSink.end(SortedOps.java:357)
	at java.base/java.util.stream.AbstractPipeline.copyInto(AbstractPipeline.java:571)
	at java.base/java.util.stream.AbstractPipeline.wrapAndCopyInto(AbstractPipeline.java:560)
	at java.base/java.util.stream.ForEachOps$ForEachOp.evaluateSequential(ForEachOps.java:153)
	at java.base/java.util.stream.ForEachOps$ForEachOp$OfRef.evaluateSequential(ForEachOps.java:176)
	at java.base/java.util.stream.AbstractPipeline.evaluate(AbstractPipeline.java:265)
	at java.base/java.util.stream.ReferencePipeline.forEach(ReferencePipeline.java:636)
	at org.springframework.boot.SpringApplication.callRunners(SpringApplication.java:765)
	at org.springframework.boot.SpringApplication.run(SpringApplication.java:330)
	at org.springframework.boot.SpringApplication.run(SpringApplication.java:1342)
	at org.springframework.boot.SpringApplication.run(SpringApplication.java:1331)
	at com.claims.ClaimsFraudDetectionApplication.main(ClaimsFraudDetectionApplication.java:11)
2025-11-14 12:15:33.047 [main] INFO  - Job started - ID: 24b7071a-14ea-4fb3-93ec-877476eb6d51, Type: FRAUD_DETECTION, Message: Running fraud detection
2025-11-14 12:15:33.070 [main] ERROR - Job failed - ID: 24b7071a-14ea-4fb3-93ec-877476eb6d51, Type: FRAUD_DETECTION, Error: Rule engine compilation error
java.lang.IllegalArgumentException: Invalid regex pattern in rule FR-2024-001
	at com.claims.monitoring.JobDataInitializer.createSampleJobs(JobDataInitializer.java:27)
	at com.claims.monitoring.JobDataInitializer.run(JobDataInitializer.java:17)
	at org.springframework.boot.SpringApplication.callRunner(SpringApplication.java:786)
	at org.springframework.boot.SpringApplication.lambda$callRunners$3(SpringApplication.java:770)
	at java.base/java.util.stream.ForEachOps$ForEachOp$OfRef.accept(ForEachOps.java:186)
	at java.base/java.util.stream.SortedOps$SizedRefSortingSink.end(SortedOps.java:357)
	at java.base/java.util.stream.AbstractPipeline.copyInto(AbstractPipeline.java:571)
	at java.base/java.util.stream.AbstractPipeline.wrapAndCopyInto(AbstractPipeline.java:560)
	at java.base/java.util.stream.ForEachOps$ForEachOp.evaluateSequential(ForEachOps.java:153)
	at java.base/java.util.stream.ForEachOps$ForEachOp$OfRef.evaluateSequential(ForEachOps.java:176)
	at java.base/java.util.stream.AbstractPipeline.evaluate(AbstractPipeline.java:265)
	at java.base/java.util.stream.ReferencePipeline.forEach(ReferencePipeline.java:636)
	at org.springframework.boot.SpringApplication.callRunners(SpringApplication.java:765)
	at org.springframework.boot.SpringApplication.run(SpringApplication.java:330)
	at org.springframework.boot.SpringApplication.run(SpringApplication.java:1342)
	at org.springframework.boot.SpringApplication.run(SpringApplication.java:1331)
	at com.claims.ClaimsFraudDetectionApplication.main(ClaimsFraudDetectionApplication.java:11)
2025-11-14 12:15:33.084 [main] INFO  - Job started - ID: 94c638f2-05a8-43f4-9514-f035a3a10375, Type: PAYMENT_PROCESSING, Message: Processing payment
2025-11-14 12:15:33.101 [main] ERROR - Job failed - ID: 94c638f2-05a8-43f4-9514-f035a3a10375, Type: PAYMENT_PROCESSING, Error: Payment gateway unavailable
java.lang.RuntimeException: HTTP 503 Service Unavailable
	at com.claims.monitoring.JobDataInitializer.createSampleJobs(JobDataInitializer.java:31)
	at com.claims.monitoring.JobDataInitializer.run(JobDataInitializer.java:17)
	at org.springframework.boot.SpringApplication.callRunner(SpringApplication.java:786)
	at org.springframework.boot.SpringApplication.lambda$callRunners$3(SpringApplication.java:770)
	at java.base/java.util.stream.ForEachOps$ForEachOp$OfRef.accept(ForEachOps.java:186)
	at java.base/java.util.stream.SortedOps$SizedRefSortingSink.end(SortedOps.java:357)
	at java.base/java.util.stream.AbstractPipeline.copyInto(AbstractPipeline.java:571)
	at java.base/java.util.stream.AbstractPipeline.wrapAndCopyInto(AbstractPipeline.java:560)
	at java.base/java.util.stream.ForEachOps$ForEachOp.evaluateSequential(ForEachOps.java:153)
	at java.base/java.util.stream.ForEachOps$ForEachOp$OfRef.evaluateSequential(ForEachOps.java:176)
	at java.base/java.util.stream.AbstractPipeline.evaluate(AbstractPipeline.java:265)
	at java.base/java.util.stream.ReferencePipeline.forEach(ReferencePipeline.java:636)
	at org.springframework.boot.SpringApplication.callRunners(SpringApplication.java:765)
	at org.springframework.boot.SpringApplication.run(SpringApplication.java:330)
	at org.springframework.boot.SpringApplication.run(SpringApplication.java:1342)
	at org.springframework.boot.SpringApplication.run(SpringApplication.java:1331)
	at com.claims.ClaimsFraudDetectionApplication.main(ClaimsFraudDetectionApplication.java:11)
2025-11-14 12:15:33.112 [main] INFO  - Job started - ID: 7addca86-ec92-4878-8eea-75ef60fde848, Type: DOCUMENT_VALIDATION, Message: Validating documents
2025-11-14 12:15:33.131 [main] INFO  - Job completed - ID: 7addca86-ec92-4878-8eea-75ef60fde848, Type: DOCUMENT_VALIDATION, Message: Documents validated successfully
2025-11-14 12:15:33.137 [main] INFO  - Job started - ID: 3c0ab746-ffc8-4209-beac-950594b04d09, Type: EMAIL_NOTIFICATION, Message: Sending notifications
2025-11-14 12:15:33.145 [main] INFO  - Job completed - ID: 3c0ab746-ffc8-4209-beac-950594b04d09, Type: EMAIL_NOTIFICATION, Message: Notifications sent successfully
